build/app/intermediates/manifest_merge_blame_file/debug/manifest-merger-blame-debug-report.txt
1<?xml version="1.0" encoding="utf-8"?>
2<manifest xmlns:android="http://schemas.android.com/apk/res/android"
3    package="com.mycompany.easecarapp"
4    android:versionCode="1"
5    android:versionName="1.0.0" >
6
7    <uses-sdk
8        android:minSdkVersion="21"
9        android:targetSdkVersion="34" />
10    <!--
11         Flutter needs it to communicate with the running application
12         to allow setting breakpoints, to provide hot reload, etc.
13    -->
14    <uses-permission android:name="android.permission.INTERNET" />
14-->src\main\AndroidManifest.xml:4:5-66
14-->src\main\AndroidManifest.xml:4:22-64
15    <uses-permission android:name="android.permission.CAMERA" />
15-->src\main\AndroidManifest.xml:5:5-64
15-->src\main\AndroidManifest.xml:5:22-62
16    <uses-permission
16-->src\main\AndroidManifest.xml:6:5-106
17        android:name="android.permission.READ_EXTERNAL_STORAGE"
17-->src\main\AndroidManifest.xml:6:22-77
18        android:maxSdkVersion="32" />
18-->src\main\AndroidManifest.xml:6:78-104
19    <uses-permission
19-->src\main\AndroidManifest.xml:7:5-107
20        android:name="android.permission.WRITE_EXTERNAL_STORAGE"
20-->src\main\AndroidManifest.xml:7:22-78
21        android:maxSdkVersion="32" />
21-->src\main\AndroidManifest.xml:7:79-105
22    <uses-permission android:name="android.permission.READ_MEDIA_IMAGES" />
22-->src\main\AndroidManifest.xml:8:5-75
22-->src\main\AndroidManifest.xml:8:22-73
23    <uses-permission android:name="android.permission.READ_MEDIA_VIDEO" />
23-->src\main\AndroidManifest.xml:9:5-74
23-->src\main\AndroidManifest.xml:9:22-72
24
25    <queries>
25-->[:file_picker] AndroidManifest.xml:13:5-19:15
26        <intent>
26-->[:file_picker] AndroidManifest.xml:14:9-18:18
27            <action android:name="android.intent.action.GET_CONTENT" />
27-->[:file_picker] AndroidManifest.xml:15:13-72
27-->[:file_picker] AndroidManifest.xml:15:21-69
28
29            <data android:mimeType="*/*" />
29-->src\main\AndroidManifest.xml:52:17-83
30        </intent>
31    </queries>
32
33    <uses-permission android:name="android.permission.ACCESS_NETWORK_STATE" />
33-->[com.google.firebase:firebase-auth:22.3.1] AndroidManifest.xml:26:5-79
33-->[com.google.firebase:firebase-auth:22.3.1] AndroidManifest.xml:26:22-76
34    <uses-permission android:name="com.google.android.providers.gsf.permission.READ_GSERVICES" />
34-->[com.google.android.recaptcha:recaptcha:18.4.0] AndroidManifest.xml:9:5-98
34-->[com.google.android.recaptcha:recaptcha:18.4.0] AndroidManifest.xml:9:22-95
35
36    <permission
36-->[androidx.core:core:1.10.1] AndroidManifest.xml:22:5-24:47
37        android:name="com.mycompany.easecarapp.DYNAMIC_RECEIVER_NOT_EXPORTED_PERMISSION"
37-->[androidx.core:core:1.10.1] AndroidManifest.xml:23:9-81
38        android:protectionLevel="signature" />
38-->[androidx.core:core:1.10.1] AndroidManifest.xml:24:9-44
39
40    <uses-permission android:name="com.mycompany.easecarapp.DYNAMIC_RECEIVER_NOT_EXPORTED_PERMISSION" />
40-->[androidx.core:core:1.10.1] AndroidManifest.xml:26:5-97
40-->[androidx.core:core:1.10.1] AndroidManifest.xml:26:22-94
41
42    <application
42-->src\main\AndroidManifest.xml:11:5-65:19
43        android:appComponentFactory="androidx.core.app.CoreComponentFactory"
43-->[androidx.core:core:1.10.1] AndroidManifest.xml:28:18-86
44        android:debuggable="true"
45        android:icon="@mipmap/ic_launcher"
45-->src\main\AndroidManifest.xml:14:9-43
46        android:label="EaseCarApp"
46-->src\main\AndroidManifest.xml:12:9-35
47        android:requestLegacyExternalStorage="true" >
47-->src\main\AndroidManifest.xml:15:9-52
48        <activity
48-->src\main\AndroidManifest.xml:17:9-55:20
49            android:name="com.mycompany.easecarapp.MainActivity"
49-->src\main\AndroidManifest.xml:18:13-41
50            android:configChanges="orientation|keyboardHidden|keyboard|screenSize|smallestScreenSize|locale|layoutDirection|fontScale|screenLayout|density|uiMode"
50-->src\main\AndroidManifest.xml:22:13-163
51            android:exported="true"
51-->src\main\AndroidManifest.xml:19:13-36
52            android:hardwareAccelerated="true"
52-->src\main\AndroidManifest.xml:23:13-47
53            android:launchMode="singleTop"
53-->src\main\AndroidManifest.xml:20:13-43
54            android:theme="@style/LaunchTheme"
54-->src\main\AndroidManifest.xml:21:13-47
55            android:windowSoftInputMode="adjustResize" >
55-->src\main\AndroidManifest.xml:24:13-55
56
57            <!--
58                 Specifies an Android theme to apply to this Activity as soon as
59                 the Android process has started. This theme is visible to the user
60                 while the Flutter UI initializes. After that, this theme continues
61                 to determine the Window background behind the Flutter UI.
62            -->
63            <meta-data
63-->src\main\AndroidManifest.xml:29:13-32:17
64                android:name="io.flutter.embedding.android.NormalTheme"
64-->src\main\AndroidManifest.xml:30:15-70
65                android:resource="@style/NormalTheme" />
65-->src\main\AndroidManifest.xml:31:15-52
66            <!--
67                 Displays an Android View that continues showing the launch screen
68                 Drawable until Flutter paints its first frame, then this splash
69                 screen fades out. A splash screen is useful to avoid any visual
70                 gap between the end of Android's launch screen and the painting of
71                 Flutter's first frame.
72            -->
73            <meta-data
73-->src\main\AndroidManifest.xml:38:13-41:17
74                android:name="io.flutter.embedding.android.SplashScreenDrawable"
74-->src\main\AndroidManifest.xml:39:15-79
75                android:resource="@drawable/launch_background" />
75-->src\main\AndroidManifest.xml:40:15-61
76
77            <intent-filter>
77-->src\main\AndroidManifest.xml:42:13-45:29
78                <action android:name="android.intent.action.MAIN" />
78-->src\main\AndroidManifest.xml:43:17-68
78-->src\main\AndroidManifest.xml:43:25-66
79
80                <category android:name="android.intent.category.LAUNCHER" />
80-->src\main\AndroidManifest.xml:44:17-76
80-->src\main\AndroidManifest.xml:44:27-74
81            </intent-filter>
82            <!-- Deep linking -->
83            <meta-data
83-->src\main\AndroidManifest.xml:47:13-90
84                android:name="flutter_deeplinking_enabled"
84-->src\main\AndroidManifest.xml:47:24-66
85                android:value="true" />
85-->src\main\AndroidManifest.xml:47:67-87
86
87            <intent-filter android:autoVerify="true" >
87-->src\main\AndroidManifest.xml:48:13-53:29
87-->src\main\AndroidManifest.xml:48:28-53
88                <action android:name="android.intent.action.VIEW" />
88-->src\main\AndroidManifest.xml:49:17-69
88-->src\main\AndroidManifest.xml:49:25-66
89
90                <category android:name="android.intent.category.DEFAULT" />
90-->src\main\AndroidManifest.xml:50:17-76
90-->src\main\AndroidManifest.xml:50:27-73
91                <category android:name="android.intent.category.BROWSABLE" />
91-->src\main\AndroidManifest.xml:51:17-78
91-->src\main\AndroidManifest.xml:51:27-75
92
93                <data
93-->src\main\AndroidManifest.xml:52:17-83
94                    android:host="easecarapp.com"
94-->src\main\AndroidManifest.xml:52:51-80
95                    android:scheme="easecarapp" />
95-->src\main\AndroidManifest.xml:52:23-50
96            </intent-filter>
97        </activity>
98
99        <!--
100             Don't delete the meta-data below.
101             This is used by the Flutter tool to generate GeneratedPluginRegistrant.java
102        -->
103        <meta-data
103-->src\main\AndroidManifest.xml:59:9-61:33
104            android:name="flutterEmbedding"
104-->src\main\AndroidManifest.xml:60:13-44
105            android:value="2" />
105-->src\main\AndroidManifest.xml:61:13-30
106
107        <service
107-->[:cloud_firestore] AndroidManifest.xml:10:9-14:19
108            android:name="com.google.firebase.components.ComponentDiscoveryService"
108-->[:cloud_firestore] AndroidManifest.xml:10:18-89
109            android:directBootAware="true"
109-->[com.google.firebase:firebase-common:20.4.3] AndroidManifest.xml:32:13-43
110            android:exported="false" >
110-->[com.google.firebase:firebase-perf:20.5.2] AndroidManifest.xml:13:13-37
111            <meta-data
111-->[:cloud_firestore] AndroidManifest.xml:11:13-13:85
112                android:name="com.google.firebase.components:io.flutter.plugins.firebase.firestore.FlutterFirebaseFirestoreRegistrar"
112-->[:cloud_firestore] AndroidManifest.xml:12:17-134
113                android:value="com.google.firebase.components.ComponentRegistrar" />
113-->[:cloud_firestore] AndroidManifest.xml:13:17-82
114            <meta-data
114-->[:firebase_auth] AndroidManifest.xml:11:13-13:85
115                android:name="com.google.firebase.components:io.flutter.plugins.firebase.auth.FlutterFirebaseAuthRegistrar"
115-->[:firebase_auth] AndroidManifest.xml:12:17-124
116                android:value="com.google.firebase.components.ComponentRegistrar" />
116-->[:firebase_auth] AndroidManifest.xml:13:17-82
117            <meta-data
117-->[:firebase_performance] AndroidManifest.xml:13:13-15:85
118                android:name="com.google.firebase.components:io.flutter.plugins.firebase.performance.FlutterFirebaseAppRegistrar"
118-->[:firebase_performance] AndroidManifest.xml:14:17-130
119                android:value="com.google.firebase.components.ComponentRegistrar" />
119-->[:firebase_performance] AndroidManifest.xml:15:17-82
120            <meta-data
120-->[:firebase_storage] AndroidManifest.xml:11:13-13:85
121                android:name="com.google.firebase.components:io.flutter.plugins.firebase.storage.FlutterFirebaseAppRegistrar"
121-->[:firebase_storage] AndroidManifest.xml:12:17-126
122                android:value="com.google.firebase.components.ComponentRegistrar" />
122-->[:firebase_storage] AndroidManifest.xml:13:17-82
123            <meta-data
123-->[:firebase_core] AndroidManifest.xml:11:13-13:85
124                android:name="com.google.firebase.components:io.flutter.plugins.firebase.core.FlutterFirebaseCoreRegistrar"
124-->[:firebase_core] AndroidManifest.xml:12:17-124
125                android:value="com.google.firebase.components.ComponentRegistrar" />
125-->[:firebase_core] AndroidManifest.xml:13:17-82
126            <meta-data
126-->[com.google.firebase:firebase-perf:20.5.2] AndroidManifest.xml:14:13-16:85
127                android:name="com.google.firebase.components:com.google.firebase.perf.FirebasePerfKtxRegistrar"
127-->[com.google.firebase:firebase-perf:20.5.2] AndroidManifest.xml:15:17-112
128                android:value="com.google.firebase.components.ComponentRegistrar" />
128-->[com.google.firebase:firebase-perf:20.5.2] AndroidManifest.xml:16:17-82
129            <meta-data
129-->[com.google.firebase:firebase-perf:20.5.2] AndroidManifest.xml:17:13-19:85
130                android:name="com.google.firebase.components:com.google.firebase.perf.FirebasePerfRegistrar"
130-->[com.google.firebase:firebase-perf:20.5.2] AndroidManifest.xml:18:17-109
131                android:value="com.google.firebase.components.ComponentRegistrar" />
131-->[com.google.firebase:firebase-perf:20.5.2] AndroidManifest.xml:19:17-82
132            <meta-data
132-->[com.google.firebase:firebase-sessions:1.2.2] AndroidManifest.xml:29:13-31:85
133                android:name="com.google.firebase.components:com.google.firebase.sessions.FirebaseSessionsRegistrar"
133-->[com.google.firebase:firebase-sessions:1.2.2] AndroidManifest.xml:30:17-117
134                android:value="com.google.firebase.components.ComponentRegistrar" />
134-->[com.google.firebase:firebase-sessions:1.2.2] AndroidManifest.xml:31:17-82
135            <meta-data
135-->[com.google.firebase:firebase-auth:22.3.1] AndroidManifest.xml:69:13-71:85
136                android:name="com.google.firebase.components:com.google.firebase.auth.FirebaseAuthRegistrar"
136-->[com.google.firebase:firebase-auth:22.3.1] AndroidManifest.xml:70:17-109
137                android:value="com.google.firebase.components.ComponentRegistrar" />
137-->[com.google.firebase:firebase-auth:22.3.1] AndroidManifest.xml:71:17-82
138            <meta-data
138-->[com.google.firebase:firebase-firestore:24.11.0] AndroidManifest.xml:17:13-19:85
139                android:name="com.google.firebase.components:com.google.firebase.firestore.FirebaseFirestoreKtxRegistrar"
139-->[com.google.firebase:firebase-firestore:24.11.0] AndroidManifest.xml:18:17-122
140                android:value="com.google.firebase.components.ComponentRegistrar" />
140-->[com.google.firebase:firebase-firestore:24.11.0] AndroidManifest.xml:19:17-82
141            <meta-data
141-->[com.google.firebase:firebase-firestore:24.11.0] AndroidManifest.xml:20:13-22:85
142                android:name="com.google.firebase.components:com.google.firebase.firestore.FirestoreRegistrar"
142-->[com.google.firebase:firebase-firestore:24.11.0] AndroidManifest.xml:21:17-111
143                android:value="com.google.firebase.components.ComponentRegistrar" />
143-->[com.google.firebase:firebase-firestore:24.11.0] AndroidManifest.xml:22:17-82
144            <meta-data
144-->[com.google.firebase:firebase-storage:20.3.0] AndroidManifest.xml:30:13-32:85
145                android:name="com.google.firebase.components:com.google.firebase.storage.FirebaseStorageKtxRegistrar"
145-->[com.google.firebase:firebase-storage:20.3.0] AndroidManifest.xml:31:17-118
146                android:value="com.google.firebase.components.ComponentRegistrar" />
146-->[com.google.firebase:firebase-storage:20.3.0] AndroidManifest.xml:32:17-82
147            <meta-data
147-->[com.google.firebase:firebase-storage:20.3.0] AndroidManifest.xml:33:13-35:85
148                android:name="com.google.firebase.components:com.google.firebase.storage.StorageRegistrar"
148-->[com.google.firebase:firebase-storage:20.3.0] AndroidManifest.xml:34:17-107
149                android:value="com.google.firebase.components.ComponentRegistrar" />
149-->[com.google.firebase:firebase-storage:20.3.0] AndroidManifest.xml:35:17-82
150            <meta-data
150-->[com.google.firebase:firebase-config:21.6.3] AndroidManifest.xml:29:13-31:85
151                android:name="com.google.firebase.components:com.google.firebase.remoteconfig.FirebaseRemoteConfigKtxRegistrar"
151-->[com.google.firebase:firebase-config:21.6.3] AndroidManifest.xml:30:17-128
152                android:value="com.google.firebase.components.ComponentRegistrar" />
152-->[com.google.firebase:firebase-config:21.6.3] AndroidManifest.xml:31:17-82
153            <meta-data
153-->[com.google.firebase:firebase-config:21.6.3] AndroidManifest.xml:32:13-34:85
154                android:name="com.google.firebase.components:com.google.firebase.remoteconfig.RemoteConfigRegistrar"
154-->[com.google.firebase:firebase-config:21.6.3] AndroidManifest.xml:33:17-117
155                android:value="com.google.firebase.components.ComponentRegistrar" />
155-->[com.google.firebase:firebase-config:21.6.3] AndroidManifest.xml:34:17-82
156            <meta-data
156-->[com.google.firebase:firebase-installations:17.2.0] AndroidManifest.xml:15:13-17:85
157                android:name="com.google.firebase.components:com.google.firebase.installations.FirebaseInstallationsKtxRegistrar"
157-->[com.google.firebase:firebase-installations:17.2.0] AndroidManifest.xml:16:17-130
158                android:value="com.google.firebase.components.ComponentRegistrar" />
158-->[com.google.firebase:firebase-installations:17.2.0] AndroidManifest.xml:17:17-82
159            <meta-data
159-->[com.google.firebase:firebase-installations:17.2.0] AndroidManifest.xml:18:13-20:85
160                android:name="com.google.firebase.components:com.google.firebase.installations.FirebaseInstallationsRegistrar"
160-->[com.google.firebase:firebase-installations:17.2.0] AndroidManifest.xml:19:17-127
161                android:value="com.google.firebase.components.ComponentRegistrar" />
161-->[com.google.firebase:firebase-installations:17.2.0] AndroidManifest.xml:20:17-82
162            <meta-data
162-->[com.google.firebase:firebase-appcheck:17.1.2] AndroidManifest.xml:25:13-27:85
163                android:name="com.google.firebase.components:com.google.firebase.appcheck.FirebaseAppCheckKtxRegistrar"
163-->[com.google.firebase:firebase-appcheck:17.1.2] AndroidManifest.xml:26:17-120
164                android:value="com.google.firebase.components.ComponentRegistrar" />
164-->[com.google.firebase:firebase-appcheck:17.1.2] AndroidManifest.xml:27:17-82
165            <meta-data
165-->[com.google.firebase:firebase-appcheck:17.1.2] AndroidManifest.xml:28:13-30:85
166                android:name="com.google.firebase.components:com.google.firebase.appcheck.FirebaseAppCheckRegistrar"
166-->[com.google.firebase:firebase-appcheck:17.1.2] AndroidManifest.xml:29:17-117
167                android:value="com.google.firebase.components.ComponentRegistrar" />
167-->[com.google.firebase:firebase-appcheck:17.1.2] AndroidManifest.xml:30:17-82
168            <meta-data
168-->[com.google.firebase:firebase-common-ktx:20.4.3] AndroidManifest.xml:12:13-14:85
169                android:name="com.google.firebase.components:com.google.firebase.ktx.FirebaseCommonLegacyRegistrar"
169-->[com.google.firebase:firebase-common-ktx:20.4.3] AndroidManifest.xml:13:17-116
170                android:value="com.google.firebase.components.ComponentRegistrar" />
170-->[com.google.firebase:firebase-common-ktx:20.4.3] AndroidManifest.xml:14:17-82
171            <meta-data
171-->[com.google.firebase:firebase-common:20.4.3] AndroidManifest.xml:35:13-37:85
172                android:name="com.google.firebase.components:com.google.firebase.FirebaseCommonKtxRegistrar"
172-->[com.google.firebase:firebase-common:20.4.3] AndroidManifest.xml:36:17-109
173                android:value="com.google.firebase.components.ComponentRegistrar" />
173-->[com.google.firebase:firebase-common:20.4.3] AndroidManifest.xml:37:17-82
174            <meta-data
174-->[com.google.firebase:firebase-abt:21.1.1] AndroidManifest.xml:12:13-14:85
175                android:name="com.google.firebase.components:com.google.firebase.abt.component.AbtRegistrar"
175-->[com.google.firebase:firebase-abt:21.1.1] AndroidManifest.xml:13:17-109
176                android:value="com.google.firebase.components.ComponentRegistrar" />
176-->[com.google.firebase:firebase-abt:21.1.1] AndroidManifest.xml:14:17-82
177            <meta-data
177-->[com.google.firebase:firebase-datatransport:18.1.8] AndroidManifest.xml:27:13-29:85
178                android:name="com.google.firebase.components:com.google.firebase.datatransport.TransportRegistrar"
178-->[com.google.firebase:firebase-datatransport:18.1.8] AndroidManifest.xml:28:17-115
179                android:value="com.google.firebase.components.ComponentRegistrar" />
179-->[com.google.firebase:firebase-datatransport:18.1.8] AndroidManifest.xml:29:17-82
180        </service>
181
182        <provider
182-->[:image_picker_android] AndroidManifest.xml:10:9-18:20
183            android:name="io.flutter.plugins.imagepicker.ImagePickerFileProvider"
183-->[:image_picker_android] AndroidManifest.xml:11:13-82
184            android:authorities="com.mycompany.easecarapp.flutter.image_provider"
184-->[:image_picker_android] AndroidManifest.xml:12:13-74
185            android:exported="false"
185-->[:image_picker_android] AndroidManifest.xml:13:13-37
186            android:grantUriPermissions="true" >
186-->[:image_picker_android] AndroidManifest.xml:14:13-47
187            <meta-data
187-->[:image_picker_android] AndroidManifest.xml:15:13-17:75
188                android:name="android.support.FILE_PROVIDER_PATHS"
188-->[:image_picker_android] AndroidManifest.xml:16:17-67
189                android:resource="@xml/flutter_image_picker_file_paths" />
189-->[:image_picker_android] AndroidManifest.xml:17:17-72
190        </provider>
191
192        <activity
192-->[:url_launcher_android] AndroidManifest.xml:10:9-13:74
193            android:name="io.flutter.plugins.urllauncher.WebViewActivity"
193-->[:url_launcher_android] AndroidManifest.xml:11:13-74
194            android:exported="false"
194-->[:url_launcher_android] AndroidManifest.xml:12:13-37
195            android:theme="@android:style/Theme.NoTitleBar.Fullscreen" />
195-->[:url_launcher_android] AndroidManifest.xml:13:13-71
196
197        <service
197-->[com.google.firebase:firebase-sessions:1.2.2] AndroidManifest.xml:22:9-25:40
198            android:name="com.google.firebase.sessions.SessionLifecycleService"
198-->[com.google.firebase:firebase-sessions:1.2.2] AndroidManifest.xml:23:13-80
199            android:enabled="true"
199-->[com.google.firebase:firebase-sessions:1.2.2] AndroidManifest.xml:24:13-35
200            android:exported="false" />
200-->[com.google.firebase:firebase-sessions:1.2.2] AndroidManifest.xml:25:13-37
201
202        <activity
202-->[com.google.firebase:firebase-auth:22.3.1] AndroidManifest.xml:29:9-46:20
203            android:name="com.google.firebase.auth.internal.GenericIdpActivity"
203-->[com.google.firebase:firebase-auth:22.3.1] AndroidManifest.xml:30:13-80
204            android:excludeFromRecents="true"
204-->[com.google.firebase:firebase-auth:22.3.1] AndroidManifest.xml:31:13-46
205            android:exported="true"
205-->[com.google.firebase:firebase-auth:22.3.1] AndroidManifest.xml:32:13-36
206            android:launchMode="singleTask"
206-->[com.google.firebase:firebase-auth:22.3.1] AndroidManifest.xml:33:13-44
207            android:theme="@android:style/Theme.Translucent.NoTitleBar" >
207-->[com.google.firebase:firebase-auth:22.3.1] AndroidManifest.xml:34:13-72
208            <intent-filter>
208-->[com.google.firebase:firebase-auth:22.3.1] AndroidManifest.xml:35:13-45:29
209                <action android:name="android.intent.action.VIEW" />
209-->src\main\AndroidManifest.xml:49:17-69
209-->src\main\AndroidManifest.xml:49:25-66
210
211                <category android:name="android.intent.category.DEFAULT" />
211-->src\main\AndroidManifest.xml:50:17-76
211-->src\main\AndroidManifest.xml:50:27-73
212                <category android:name="android.intent.category.BROWSABLE" />
212-->src\main\AndroidManifest.xml:51:17-78
212-->src\main\AndroidManifest.xml:51:27-75
213
214                <data
214-->src\main\AndroidManifest.xml:52:17-83
215                    android:host="firebase.auth"
215-->src\main\AndroidManifest.xml:52:51-80
216                    android:path="/"
217                    android:scheme="genericidp" />
217-->src\main\AndroidManifest.xml:52:23-50
218            </intent-filter>
219        </activity>
220        <activity
220-->[com.google.firebase:firebase-auth:22.3.1] AndroidManifest.xml:47:9-64:20
221            android:name="com.google.firebase.auth.internal.RecaptchaActivity"
221-->[com.google.firebase:firebase-auth:22.3.1] AndroidManifest.xml:48:13-79
222            android:excludeFromRecents="true"
222-->[com.google.firebase:firebase-auth:22.3.1] AndroidManifest.xml:49:13-46
223            android:exported="true"
223-->[com.google.firebase:firebase-auth:22.3.1] AndroidManifest.xml:50:13-36
224            android:launchMode="singleTask"
224-->[com.google.firebase:firebase-auth:22.3.1] AndroidManifest.xml:51:13-44
225            android:theme="@android:style/Theme.Translucent.NoTitleBar" >
225-->[com.google.firebase:firebase-auth:22.3.1] AndroidManifest.xml:52:13-72
226            <intent-filter>
226-->[com.google.firebase:firebase-auth:22.3.1] AndroidManifest.xml:53:13-63:29
227                <action android:name="android.intent.action.VIEW" />
227-->src\main\AndroidManifest.xml:49:17-69
227-->src\main\AndroidManifest.xml:49:25-66
228
229                <category android:name="android.intent.category.DEFAULT" />
229-->src\main\AndroidManifest.xml:50:17-76
229-->src\main\AndroidManifest.xml:50:27-73
230                <category android:name="android.intent.category.BROWSABLE" />
230-->src\main\AndroidManifest.xml:51:17-78
230-->src\main\AndroidManifest.xml:51:27-75
231
232                <data
232-->src\main\AndroidManifest.xml:52:17-83
233                    android:host="firebase.auth"
233-->src\main\AndroidManifest.xml:52:51-80
234                    android:path="/"
235                    android:scheme="recaptcha" />
235-->src\main\AndroidManifest.xml:52:23-50
236            </intent-filter>
237        </activity>
238        <activity
238-->[com.google.android.gms:play-services-auth:20.7.0] AndroidManifest.xml:23:9-27:75
239            android:name="com.google.android.gms.auth.api.signin.internal.SignInHubActivity"
239-->[com.google.android.gms:play-services-auth:20.7.0] AndroidManifest.xml:24:13-93
240            android:excludeFromRecents="true"
240-->[com.google.android.gms:play-services-auth:20.7.0] AndroidManifest.xml:25:13-46
241            android:exported="false"
241-->[com.google.android.gms:play-services-auth:20.7.0] AndroidManifest.xml:26:13-37
242            android:theme="@android:style/Theme.Translucent.NoTitleBar" />
242-->[com.google.android.gms:play-services-auth:20.7.0] AndroidManifest.xml:27:13-72
243        <!--
244            Service handling Google Sign-In user revocation. For apps that do not integrate with
245            Google Sign-In, this service will never be started.
246        -->
247        <service
247-->[com.google.android.gms:play-services-auth:20.7.0] AndroidManifest.xml:33:9-37:51
248            android:name="com.google.android.gms.auth.api.signin.RevocationBoundService"
248-->[com.google.android.gms:play-services-auth:20.7.0] AndroidManifest.xml:34:13-89
249            android:exported="true"
249-->[com.google.android.gms:play-services-auth:20.7.0] AndroidManifest.xml:35:13-36
250            android:permission="com.google.android.gms.auth.api.signin.permission.REVOCATION_NOTIFICATION"
250-->[com.google.android.gms:play-services-auth:20.7.0] AndroidManifest.xml:36:13-107
251            android:visibleToInstantApps="true" />
251-->[com.google.android.gms:play-services-auth:20.7.0] AndroidManifest.xml:37:13-48
252
253        <provider
253-->[com.google.firebase:firebase-common:20.4.3] AndroidManifest.xml:23:9-28:39
254            android:name="com.google.firebase.provider.FirebaseInitProvider"
254-->[com.google.firebase:firebase-common:20.4.3] AndroidManifest.xml:24:13-77
255            android:authorities="com.mycompany.easecarapp.firebaseinitprovider"
255-->[com.google.firebase:firebase-common:20.4.3] AndroidManifest.xml:25:13-72
256            android:directBootAware="true"
256-->[com.google.firebase:firebase-common:20.4.3] AndroidManifest.xml:26:13-43
257            android:exported="false"
257-->[com.google.firebase:firebase-common:20.4.3] AndroidManifest.xml:27:13-37
258            android:initOrder="100" />
258-->[com.google.firebase:firebase-common:20.4.3] AndroidManifest.xml:28:13-36
259
260        <activity
260-->[com.google.android.gms:play-services-base:18.1.0] AndroidManifest.xml:20:9-22:45
261            android:name="com.google.android.gms.common.api.GoogleApiActivity"
261-->[com.google.android.gms:play-services-base:18.1.0] AndroidManifest.xml:20:19-85
262            android:exported="false"
262-->[com.google.android.gms:play-services-base:18.1.0] AndroidManifest.xml:22:19-43
263            android:theme="@android:style/Theme.Translucent.NoTitleBar" />
263-->[com.google.android.gms:play-services-base:18.1.0] AndroidManifest.xml:21:19-78
264
265        <meta-data
265-->[com.google.android.gms:play-services-basement:18.3.0] AndroidManifest.xml:21:9-23:69
266            android:name="com.google.android.gms.version"
266-->[com.google.android.gms:play-services-basement:18.3.0] AndroidManifest.xml:22:13-58
267            android:value="@integer/google_play_services_version" />
267-->[com.google.android.gms:play-services-basement:18.3.0] AndroidManifest.xml:23:13-66
268
269        <uses-library
269-->[androidx.window:window:1.0.0-beta04] AndroidManifest.xml:25:9-27:40
270            android:name="androidx.window.extensions"
270-->[androidx.window:window:1.0.0-beta04] AndroidManifest.xml:26:13-54
271            android:required="false" />
271-->[androidx.window:window:1.0.0-beta04] AndroidManifest.xml:27:13-37
272        <uses-library
272-->[androidx.window:window:1.0.0-beta04] AndroidManifest.xml:28:9-30:40
273            android:name="androidx.window.sidecar"
273-->[androidx.window:window:1.0.0-beta04] AndroidManifest.xml:29:13-51
274            android:required="false" />
274-->[androidx.window:window:1.0.0-beta04] AndroidManifest.xml:30:13-37
275
276        <provider
276-->[androidx.lifecycle:lifecycle-process:2.6.1] AndroidManifest.xml:24:9-32:20
277            android:name="androidx.startup.InitializationProvider"
277-->[androidx.lifecycle:lifecycle-process:2.6.1] AndroidManifest.xml:25:13-67
278            android:authorities="com.mycompany.easecarapp.androidx-startup"
278-->[androidx.lifecycle:lifecycle-process:2.6.1] AndroidManifest.xml:26:13-68
279            android:exported="false" >
279-->[androidx.lifecycle:lifecycle-process:2.6.1] AndroidManifest.xml:27:13-37
280            <meta-data
280-->[androidx.lifecycle:lifecycle-process:2.6.1] AndroidManifest.xml:29:13-31:52
281                android:name="androidx.lifecycle.ProcessLifecycleInitializer"
281-->[androidx.lifecycle:lifecycle-process:2.6.1] AndroidManifest.xml:30:17-78
282                android:value="androidx.startup" />
282-->[androidx.lifecycle:lifecycle-process:2.6.1] AndroidManifest.xml:31:17-49
283            <meta-data
283-->[androidx.profileinstaller:profileinstaller:1.3.0] AndroidManifest.xml:29:13-31:52
284                android:name="androidx.profileinstaller.ProfileInstallerInitializer"